<?xml version="1.0" encoding="UTF-8"?>
<testsuite name="petstore.Pet" tests="2" skipped="0" failures="0" errors="0" timestamp="2022-06-29T13:56:11" hostname="luis-Inspiron-3584" time="8.627">
  <properties/>
  <testcase name="incluirPet" classname="petstore.Pet" time="7.688"/>
  <testcase name="consultarPet" classname="petstore.Pet" time="0.937"/>
  <system-out><![CDATA[Request method:	POST
Request URI:	https://petstore.swagger.io/v2/pet
Proxy:			<none>
Request params:	<none>
Query params:	<none>
Form params:	<none>
Path params:	<none>
Headers:		Accept=*/*
				Content-Type=application/json
Cookies:		<none>
Multiparts:		<none>
Body:
{
    "id": 202220061991,
    "category": {
        "id": 1,
        "name": "LI1232DUDA"
    },
    "name": "ralf",
    "photoUrls": [
        "string"
    ],
    "tags": [
        {
            "id": 20222006,
            "name": "data"
        }
    ],
    "status": "available"
}
HTTP/1.1 200 OK
Date: Wed, 29 Jun 2022 13:56:18 GMT
Content-Type: application/json
Transfer-Encoding: chunked
Connection: keep-alive
Access-Control-Allow-Origin: *
Access-Control-Allow-Methods: GET, POST, DELETE, PUT
Access-Control-Allow-Headers: Content-Type, api_key, Authorization
Server: Jetty(9.2.9.v20150224)

{
    "id": 202220061991,
    "category": {
        "id": 1,
        "name": "LI1232DUDA"
    },
    "name": "ralf",
    "photoUrls": [
        "string"
    ],
    "tags": [
        {
            "id": 20222006,
            "name": "data"
        }
    ],
    "status": "available"
}
Request method:	GET
Request URI:	https://petstore.swagger.io/v2/pet/202220061991
Proxy:			<none>
Request params:	<none>
Query params:	<none>
Form params:	<none>
Path params:	<none>
Headers:		Accept=*/*
				Content-Type=application/jason; charset=ISO-8859-1
Cookies:		<none>
Multiparts:		<none>
Body:			<none>
HTTP/1.1 200 OK
Date: Wed, 29 Jun 2022 13:56:20 GMT
Content-Type: application/json
Transfer-Encoding: chunked
Connection: keep-alive
Access-Control-Allow-Origin: *
Access-Control-Allow-Methods: GET, POST, DELETE, PUT
Access-Control-Allow-Headers: Content-Type, api_key, Authorization
Server: Jetty(9.2.9.v20150224)

{
    "id": 202220061991,
    "category": {
        "id": 1,
        "name": "LI1232DUDA"
    },
    "name": "ralf",
    "photoUrls": [
        "string"
    ],
    "tags": [
        {
            "id": 20222006,
            "name": "data"
        }
    ],
    "status": "available"
}
o token é LI1232DUDA
]]></system-out>
  <system-err><![CDATA[]]></system-err>
</testsuite>
